@test.com","birthYear":"1946"}
{"customer":"Suresh.Jackson@test.com","score":-2.0,"email":"Suresh.Jackson@test.com","birthYear":"1960"}
{"customer":"Suresh.Jackson@test.com","score":-2.5,"email":"Suresh.Jackson@test.com","birthYear":"1960"}
{"customer":"Suresh.Jackson@test.com","score":-2.5,"email":"Suresh.Jackson@test.com","birthYear":"1960"}
{"customer":"Suresh.Jackson@test.com","score":-1.0,"email":"Suresh.Jackson@test.com","birthYear":"1960"}
{"customer":"Suresh.Jackson@test.com","score":-1.0,"email":"Suresh.Jackson@test.com","birthYear":"1960"}
{"customer":"Suresh.Jackson@test.com","score":-3.0,"email":"Suresh.Jackson@test.com","birthYear":"1960"}
{"customer":"Jason.Smith@test.com","score":7.0,"email":"Jason.Smith@test.com","birthYear":"1946"}
{"customer":"Jason.Smith@test.com","score":33.0,"email":"Jason.Smith@test.com","birthYear":"1946"}
{"customer":"Jason.Smith@test.com","score":21.0,"email":"Jason.Smith@test.com","birthYear":"1946"}
{"customer":"Jason.Smith@test.com","score":-18.5,"email":"Jason.Smith@test.com","birthYear":"1946"}
{"customer":"Jason.Smith@test.com","score":-8.0,"email":"Jason.Smith@test.com","birthYear":"1946"}
{"customer":"Jason.Smith@test.com","score":16.0,"email":"Jason.Smith@test.com","birthYear":"1946"}
{"customer":"David.Jackson@test.com","score":30.0,"email":"David.Jackson@test.com","birthYear":"1944"}
{"customer":"David.Jackson@test.com","score":28.0,"email":"David.Jackson@test.com","birthYear":"1944"}
{"customer":"David.Jackson@test.com","score":-14.0,"email":"David.Jackson@test.com","birthYear":"1944"}
{"customer":"David.Jackson@test.com","score":-20.5,"email":"David.Jackson@test.com","birthYear":"1944"}
{"customer":"David.Jackson@test.com","score":12.0,"email":"David.Jackson@test.com","birthYear":"1944"}
{"customer":"David.Jackson@test.com","score":22.5,"email":"David.Jackson@test.com","birthYear":"1944"}
{"customer":"David.Jackson@test.com","score":9.0,"email":"David.Jackson@test.com","birthYear":"1944"}
{"customer":"David.Jackson@test.com","score":-18.0,"email":"David.Jackson@test.com","birthYear":"1944"}
{"customer":"David.Jackson@test.com","score":-22.0,"email":"David.Jackson@test.com","birthYear":"1944"}
{"customer":"David.Jackson@test.com","score":13.5,"email":"David.Jackson@test.com","birthYear":"1944"}
{"customer":"David.Jackson@test.com","score":13.5,"email":"David.Jackson@test.com","birthYear":"1944"}
{"customer":"David.Jackson@test.com","score":16.0,"email":"David.Jackson@test.com","birthYear":"1944"}
{"customer":"David.Jackson@test.com","score":-15.5,"email":"David.Jackson@test.com","birthYear":"1944"}
{"customer":"David.Jackson@test.com","score":3.0,"email":"David.Jackson@test.com","birthYear":"1944"}
{"customer":"David.Jackson@test.com","score":30.5,"email":"David.Jackson@test.com","birthYear":"1944"}
{"customer":"David.Jackson@test.com","score":14.5,"email":"David.Jackson@test.com","birthYear":"1944"}
{"customer":"David.Jackson@test.com","score":-4.5,"email":"David.Jackson@test.com","birthYear":"1944"}
{"customer":"David.Jackson@test.com","score":-16.5,"email":"David.Jackson@test.com","birthYear":"1944"}
{"customer":"David.Jackson@test.com","score":-11.5,"email":"David.Jackson@test.com","birthYear":"1944"}
{"customer":"David.Jackson@test.com","score":-8.5,"email":"David.Jackson@test.com","birthYear":"1944"}
{"customer":"David.Jackson@test.com","score":-19.5,"email":"David.Jackson@test.com","birthYear":"1944"}
{"customer":"David.Jackson@test.com","score":4.5,"email":"David.Jackson@test.com","birthYear":"1944"}
{"customer":"David.Jackson@test.com","score":13.0,"email":"David.Jackson@test.com","birthYear":"1944"}
{"customer":"David.Jackson@test.com","score":2.0,"email":"David.Jackson@test.com","birthYear":"1944"}
{"customer":"David.Jackson@test.com","score":1.5,"email":"David.Jackson@test.com","birthYear":"1944"}
{"customer":"David.Jackson@test.com","score":-13.0,"email":"David.Jackson@test.com","birthYear":"1944"}
{"customer":"David.Jackson@test.com","score":-8.0,"email":"David.Jackson@test.com","birthYear":"1944"}
{"customer":"John.Hansen@test.com","score":-3.5,"email":"John.Hansen@test.com","birthYear":"1957"}
{"customer":"John.Hansen@test.com","score":-4.0,"email":"John.Hansen@test.com","birthYear":"1957"}
{"customer":"John.Hansen@test.com","score":-5.0,"email":"John.Hansen@test.com","birthYear":"1957"}
{"customer":"John.Hansen@test.com","score":-3.5,"email":"John.Hansen@test.com","birthYear":"1957"}
{"customer":"John.Hansen@test.com","score":-1.5,"email":"John.Hansen@test.com","birthYear":"1957"}
{"customer":"John.Hansen@test.com","score":-1.5,"email":"John.Hansen@test.com","birthYear":"1957"}
{"customer":"John.Hansen@test.com","score":-1.5,"email":"John.Hansen@test.com","birthYear":"1957"}
{"customer":"John.Hansen@test.com","score":-1.5,"email":"John.Hansen@test.com","birthYear":"1957"}
{"customer":"John.Hansen@test.com","score":-2.0,"email":"John.Hansen@test.com","birthYear":"1957"}
{"customer":"John.Hansen@test.com","score":-2.5,"email":"John.Hansen@test.com","birthYear":"1957"}
{"customer":"John.Hansen@test.com","score":-4.0,"email":"John.Hansen@test.com","birthYear":"1957"}
{"customer":"John.Hansen@test.com","score":-3.5,"email":"John.Hansen@test.com","birthYear":"1957"}
{"customer":"John.Hansen@test.com","score":-1.5,"email":"John.Hansen@test.com","birthYear":"1957"}
{"customer":"John.Hansen@test.com","score":-2.5,"email":"John.Hansen@test.com","birthYear":"1957"}
{"customer":"John.Hansen@test.com","score":-3.5,"email":"John.Hansen@test.com","birthYear":"1957"}
{"customer":"Ashley.Habschied@test.com","score":-3.5,"email":"Ashley.Habschied@test.com","birthYear":"1950"}
{"customer":"Ashley.Habschied@test.com","score":-3.0,"email":"Ashley.Habschied@test.com","birthYear":"1950"}
{"customer":"Ashley.Habschied@test.com","score":-3.0,"email":"Ashley.Habschied@test.com","birthYear":"1950"}
{"customer":"Ashley.Habschied@test.com","score":-2.0,"email":"Ashley.Habschied@test.com","birthYear":"1950"}
{"customer":"Ashley.Habschied@test.com","score":-2.0,"email":"Ashley.Habschied@test.com","birthYear":"1950"}
{"customer":"Ashley.Habschied@test.com","score":-4.5,"email":"Ashley.Habschied@test.com","birthYear":"1950"}
{"customer":"Ashley.Habschied@test.com","score":-5.0,"email":"Ashley.Habschied@test.com","birthYear":"1950"}
{"customer":"Ashley.Habschied@test.com","score":-3.0,"email":"Ashley.Habschied@test.com","birthYear":"1950"}
{"customer":"Ashley.Habschied@test.com","score":-1.5,"email":"Ashley.Habschied@test.com","birthYear":"1950"}
{"customer":"Ashley.Habschied@test.com","score":-1.5,"email":"Ashley.Habschied@test.com","birthYear":"1950"}
{"customer":"Ashley.Habschied@test.com","score":-3.5,"email":"Ashley.Habschied@test.com","birthYear":"1950"}
{"customer":"Ashley.Habschied@test.com","score":-4.0,"email":"Ashley.Habschied@test.com","birthYear":"1950"}
{"customer":"Ashley.Habschied@test.com","score":-3.0,"email":"Ashley.Habschied@test.com","birthYear":"1950"}
{"customer":"Ashley.Habschied@test.com","score":-3.0,"email":"Ashley.Habschied@test.com","birthYear":"1950"}
{"customer":"Ashley.Habschied@test.com","score":-2.0,"email":"Ashley.Habschied@test.com","birthYear":"1950"}
{"customer":"Ashley.Habschied@test.com","score":-2.0,"email":"Ashley.Habschied@test.com","birthYear":"1950"}
{"customer":"Ashley.Habschied@test.com","score":-3.0,"email":"Ashley.Habschied@test.com","birthYear":"1950"}
{"customer":"Ashley.Habschied@test.com","score":-2.5,"email":"Ashley.Habschied@test.com","birthYear":"1950"}
{"customer":"Ashley.Habschied@test.com","score":-2.0,"email":"Ashley.Habschied@test.com","birthYear":"1950"}
{"customer":"Ashley.Habschied@test.com","score":-2.5,"email":"Ashley.Habschied@test.com","birthYear":"1950"}
{"customer":"Ashley.Habschied@test.com","score":-4.0,"email":"Ashley.Habschied@test.com","birthYear":"1950"}
{"customer":"Ashley.Habschied@test.com","score":-4.5,"email":"Ashley.Habschied@test.com","birthYear":"1950"}
{"customer":"Ashley.Habschied@test.com","score":-2.5,"email":"Ashley.Habschied@test.com","birthYear":"1950"}
{"customer":"Ashley.Habschied@test.com","score":-1.0,"email":"Ashley.Habschied@test.com","birthYear":"1950"}
{"customer":"Ashley.Habschied@test.com","score":-1.0,"email":"Ashley.Habschied@test.com","birthYear":"1950"}
{"customer":"Ashley.Habschied@test.com","score":-1.0,"email":"Ashley.Habschied@test.com","birthYear":"1950"}
{"customer":"Ashley.Habschied@test.com","score":-2.0,"email":"Ashley.Habschied@test.com","birthYear":"1950"}
{"customer":"Angie.Khatib@test.com","score":-3.0,"email":"Angie.Khatib@test.com","birthYear":"1955"}
{"customer":"Angie.Khatib@test.com","score":-2.5,"email":"Angie.Khatib@test.com","birthYear":"1955"}
{"customer":"Angie.Khatib@test.com","score":-2.0,"email":"Angie.Khatib@test.com","birthYear":"1955"}
{"customer":"Angie.Khatib@test.com","score":-1.5,"email":"Angie.Khatib@test.com","birthYear":"1955"}
{"customer":"Angie.Khatib@test.com","score":-1.5,"email":"Angie.Khatib@test.com","birthYear":"1955"}
{"customer":"Angie.Khatib@test.com","score":-3.5,"email":"Angie.Khatib@test.com","birthYear":"1955"}
{"customer":"Jason.Hansen@test.com","score":-2.5,"email":"Jason.Hansen@test.com","birthYear":"1954"}
{"customer":"Jason.Hansen@test.com","score":-5.0,"email":"Jason.Hansen@test.com","birthYear":"1954"}
{"customer":"Jason.Hansen@test.com","score":-6.0,"email":"Jason.Hansen@test.com","birthYear":"1954"}
{"customer":"Jason.Hansen@test.com","score":-5.0,"email":"Jason.Hansen@test.com","birthYear":"1954"}
{"customer":"Jason.Hansen@test.com","score":-4.0,"email":"Jason.Hansen@test.com","birthYear":"1954"}
{"customer":"Jason.Hansen@test.com","score":-3.5,"email":"Jason.Hansen@test.com","birthYear":"1954"}
{"customer":"Jason.Hansen@test.com","score":-2.5,"email":"Jason.Hansen@test.com","birthYear":"1954"}
{"customer":"Jason.Hansen@test.com","score":-3.5,"email":"Jason.Hansen@test.com","birthYear":"1954"}
{"customer":"Jason.Hansen@test.com","score":-4.5,"email":"Jason.Hansen@test.com","birthYear":"1954"}
{"customer":"Jason.Hansen@test.com","score":-3.0,"email":"Jason.Hansen@test.com","birthYear":"1954"}
{"customer":"Jason.Hansen@test.com","score":-3.0,"email":"Jason.Hansen@test.com","birthYear":"1954"}
{"customer":"Jason.Hansen@test.com","score":-4.0,"email":"Jason.Hansen@test.com","birthYear":"1954"}
{"customer":"Jason.Hansen@test.com","score":-3.5,"email":"Jason.Hansen@test.com","birthYear":"1954"}
{"customer":"Jason.Hansen@test.com","score":-3.5,"email":"Jason.Hansen@test.com","birthYear":"1954"}
{"customer":"Jason.Hansen@test.com","score":-4.5,"email":"Jason.Hansen@test.com","birthYear":"1954"}
{"customer":"Eric.Phillips@test.com","score":-4.5,"email":"Eric.Phillips@test.com","birthYear":"1955"}
{"customer":"Eric.Phillips@test.com","score":-3.5,"email":"Eric.Phillips@test.com","birthYear":"1955"}
{"customer":"Eric.Phillips@test.com","score":-2.5,"email":"Eric.Phillips@test.com","birthYear":"1955"}
{"customer":"Eric.Phillips@test.com","score":-2.0,"email":"Eric.Phillips@test.com","birthYear":"1955"}
{"customer":"Eric.Phillips@test.com","score":-3.5,"email":"Eric.Phillips@test.com","birthYear":"1955"}
{"customer":"Eric.Phillips@test.com","score":-5.0,"email":"Eric.Phillips@test.com","birthYear":"1955"}
{"customer":"Eric.Phillips@test.com","score":-4.0,"email":"Eric.Phillips@test.com","birthYear":"1955"}
{"customer":"Eric.Phillips@test.com","score":-3.0,"email":"Eric.Phillips@test.com","birthYear":"1955"}
{"customer":"Eric.Phillips@test.com","score":-4.0,"email":"Eric.Phillips@test.com","birthYear":"1955"}
{"customer":"Eric.Phillips@test.com","score":-5.0,"email":"Eric.Phillips@test.com","birthYear":"1955"}
{"customer":"Eric.Phillips@test.com","score":-4.0,"email":"Eric.Phillips@test.com","birthYear":"1955"}
{"customer":"Eric.Phillips@test.com","score":-3.5,"email":"Eric.Phillips@test.com","birthYear":"1955"}
{"customer":"Eric.Phillips@test.com","score":-3.5,"email":"Eric.Phillips@test.com","birthYear":"1955"}
{"customer":"Eric.Phillips@test.com","score":-1.5,"email":"Eric.Phillips@test.com","birthYear":"1955"}
{"customer":"Eric.Phillips@test.com","score":-0.5,"email":"Eric.Phillips@test.com","birthYear":"1955"}
{"customer":"Santosh.Jackson@test.com","score":-10.5,"email":"Santosh.Jackson@test.com","birthYear":"1944"}
{"customer":"Santosh.Jackson@test.com","score":-2.5,"email":"Santosh.Jackson@test.com","birthYear":"1944"}
{"customer":"Santosh.Jackson@test.com","score":-2.0,"email":"Santosh.Jackson@test.com","birthYear":"1944"}
{"customer":"Santosh.Jackson@test.com","score":28.0,"email":"Santosh.Jackson@test.com","birthYear":"1944"}
{"customer":"Santosh.Jackson@test.com","score":0.5,"email":"Santosh.Jackson@test.com","birthYear":"1944"}
{"customer":"Gail.Jackson@test.com","score":-1.5,"email":"Gail.Jackson@test.com","birthYear":"1959"}
{"customer":"Gail.Jackson@test.com","score":-1.0,"email":"Gail.Jackson@test.com","birthYear":"1959"}
{"customer":"Gail.Jackson@test.com","score":-0.5,"email":"Gail.Jackson@test.com","birthYear":"1959"}
{"customer":"Gail.Jackson@test.com","score":-0.5,"email":"Gail.Jackson@test.com","birthYear":"1959"}
{"customer":"Gail.Jackson@test.com","score":-2.5,"email":"Gail.Jackson@test.com","birthYear":"1959"}
{"customer":"Gail.Jackson@test.com","score":-5.0,"email":"Gail.Jackson@test.com","birthYear":"1959"}
{"customer":"Larry.Jefferson@test.com","score":-10.0,"email":"Larry.Jefferson@test.com","birthYear":"1942"}
{"customer":"Larry.Jefferson@test.com","score":30.5,"email":"Larry.Jefferson@test.com","birthYear":"1942"}
{"customer":"Larry.Jefferson@test.com","score":-10.0,"email":"Larry.Jefferson@test.com","birthYear":"1942"}
{"customer":"Larry.Jefferson@test.com","score":-44.5,"email":"Larry.Jefferson@test.com","birthYear":"1942"}
{"customer":"Larry.Jefferson@test.com","score":-16.0,"email":"Larry.Jefferson@test.com","birthYear":"1942"}
{"customer":"Larry.Jefferson@test.com","score":2.0,"email":"Larry.Jefferson@test.com","birthYear":"1942"}
{"customer":"Christina.Clark@test.com","score":-0.5,"email":"Christina.Clark@test.com","birthYear":"1952"}
{"customer":"Christina.Clark@test.com","score":-1.5,"email":"Christina.Clark@test.com","birthYear":"1952"}
{"customer":"Christina.Clark@test.com","score":-3.0,"email":"Christina.Clark@test.com","birthYear":"1952"}
{"customer":"Christina.Clark@test.com","score":-5.0,"email":"Christina.Clark@test.com","birthYear":"1952"}
{"customer":"Christina.Clark@test.com","score":-6.0,"email":"Christina.Clark@test.com","birthYear":"1952"}
{"customer":"Christina.Clark@test.com","score":-5.5,"email":"Christina.Clark@test.com","birthYear":"1952"}
{"customer":"Christina.Clark@test.com","score":-4.5,"email":"Christina.Clark@test.com","birthYear":"1952"}
{"customer":"Christina.Clark@test.com","score":-4.0,"email":"Christina.Clark@test.com","birthYear":"1952"}
{"customer":"Christina.Clark@test.com","score":-3.5,"email":"Christina.Clark@test.com","birthYear":"1952"}
{"customer":"Christina.Clark@test.com","score":-3.5,"email":"Christina.Clark@test.com","birthYear":"1952"}
{"customer":"Christina.Clark@test.com","score":-4.0,"email":"Christina.Clark@test.com","birthYear":"1952"}
{"customer":"Christina.Clark@test.com","score":-2.5,"email":"Christina.Clark@test.com","birthYear":"1952"}
{"customer":"Christina.Clark@test.com","score":-1.5,"email":"Christina.Clark@test.com","birthYear":"1952"}
{"customer":"Christina.Clark@test.com","score":-3.0,"email":"Christina.Clark@test.com","birthYear":"1952"}
{"customer":"Christina.Clark@test.com","score":-3.5,"email":"Christina.Clark@test.com","birthYear":"1952"}
{"customer":"Spencer.Olson@test.com","score":-3.5,"email":"Spencer.Olson@test.com","birthYear":"1951"}
{"customer":"Spencer.Olson@test.com","score":-4.0,"email":"Spencer.Olson@test.com","birthYear":"1951"}
{"customer":"Spencer.Olson@test.com","score":-5.0,"email":"Spencer.Olson@test.com","birthYear":"1951"}
{"customer":"Spencer.Olson@test.com","score":-4.5,"email":"Spencer.Olson@test.com","birthYear":"1951"}
{"customer":"Spencer.Olson@test.com","score":-3.0,"email":"Spencer.Olson@test.com","birthYear":"1951"}
{"customer":"Spencer.Olson@test.com","score":-1.0,"email":"Spencer.Olson@test.com","birthYear":"1951"}
{"customer":"Trevor.Spencer@test.com","score":27.5,"email":"Trevor.Spencer@test.com","birthYear":"1937"}
{"customer":"Trevor.Spencer@test.com","score":7.5,"email":"Trevor.Spencer@test.com","birthYear":"1937"}
{"customer":"Trevor.Spencer@test.com","score":-3.0,"email":"Trevor.Spencer@test.com","birthYear":"1937"}
{"customer":"Trevor.Spencer@test.com","score":17.0,"email":"Trevor.Spencer@test.com","birthYear":"1937"}
{"customer":"Trevor.Spencer@test.com","score":-14.0,"email":"Trevor.Spencer@test.com","birthYear":"1937"}
{"customer":"Trevor.Spencer@test.com","score":-44.5,"email":"Trevor.Spencer@test.com","birthYear":"1937"}
{"customer":"Trevor.Spencer@test.com","score":-6.5,"email":"Trevor.Spencer@test.com","birthYear":"1937"}
{"customer":"Trevor.Spencer@test.com","score":34.5,"email":"Trevor.Spencer@test.com","birthYear":"1937"}
{"customer":"Trevor.Spencer@test.com","score":17.5,"email":"Trevor.Spencer@test.com","birthYear":"1937"}
{"customer":"Trevor.Spencer@test.com","score":-14.5,"email":"Trevor.Spencer@test.com","birthYear":"1937"}
{"customer":"Trevor.Spencer@test.com","score":-0.5,"email":"Trevor.Spencer@test.com","birthYear":"1937"}
{"customer":"Trevor.Spencer@test.com","score":21.5,"email":"Trevor.Spencer@test.com","birthYear":"1937"}
{"customer":"Trevor.Spencer@test.com","score":-12.5,"email":"Trevor.Spencer@test.com","birthYear":"1937"}
{"customer":"Trevor.Spencer@test.com","score":-41.5,"email":"Trevor.Spencer@test.com","birthYear":"1937"}
{"customer":"Trevor.Spencer@test.com","score":-17.0,"email":"Trevor.Spencer@test.com","birthYear":"1937"}
{"customer":"Sean.Jefferson@test.com","score":-12.0,"email":"Sean.Jefferson@test.com","birthYear":"1961"}
{"customer":"Sean.Jefferson@test.com","score":-6.5,"email":"Sean.Jefferson@test.com","birthYear":"1961"}
{"customer":"Sean.Jefferson@test.com","score":13.5,"email":"Sean.Jefferson@test.com","birthYear":"1961"}
{"customer":"Sean.Jefferson@test.com","score":33.0,"email":"Sean.Jefferson@test.com","birthYear":"1961"}
{"customer":"Sean.Jefferson@test.com","score":27.0,"email":"Sean.Jefferson@test.com","birthYear":"1961"}
{"customer":"Sean.Jefferson@test.com","score":-14.0,"email":"Sean.Jefferson@test.com","birthYear":"1961"}
{"customer":"Spencer.Anandh@test.com","score":8.5,"email":"Spencer.Anandh@test.com","birthYear":"1949"}
{"customer":"Spencer.Anandh@test.com","score":46.0,"email":"Spencer.Anandh@test.com","birthYear":"1949"}
{"customer":"Spencer.Anandh@test.com","score":2.0,"email":"Spencer.Anandh@test.com","birthYear":"1949"}
{"customer":"Spencer.Anandh@test.com","score":-45.0,"email":"Spencer.Anandh@test.com","birthYear":"1949"}
{"customer":"Spencer.Anandh@test.com","score":-15.5,"email":"Spencer.Anandh@test.com","birthYear":"1949"}
{"customer":"Spencer.Anandh@test.com","score":14.0,"email":"Spencer.Anandh@test.com","birthYear":"1949"}
{"customer":"Jason.Wu@test.com","score":-5.0,"email":"Jason.Wu@test.com","birthYear":"1952"}
{"customer":"Jason.Wu@test.com","score":-4.5,"email":"Jason.Wu@test.com","birthYear":"1952"}
{"customer":"Jason.Wu@test.com","score":-2.5,"email":"Jason.Wu@test.com","birthYear":"1952"}
{"customer":"Jason.Wu@test.com","score":-3.0,"email":"Jason.Wu@test.com","birthYear":"1952"}
{"customer":"Jason.Wu@test.com","score":-3.5,"email":"Jason.Wu@test.com","birthYear":"1952"}
{"customer":"Jason.Wu@test.com","score":-2.5,"email":"Jason.Wu@test.com","birthYear":"1952"}
{"customer":"Jason.Wu@test.com","score":-1.5,"email":"Jason.Wu@test.com","birthYear":"1952"}
{"customer":"Jason.Wu@test.com","score":-1.0,"email":"Jason.Wu@test.com","birthYear":"1952"}
{"customer":"Jason.Wu@test.com","score":-1.0,"email":"Jason.Wu@test.com","birthYear":"1952"}
{"customer":"Jason.Wu@test.com","score":-0.5,"email":"Jason.Wu@test.com","birthYear":"1952"}
{"customer":"Jason.Wu@test.com","score":-0.5,"email":"Jason.Wu@test.com","birthYear":"1952"}
{"customer":"Jason.Wu@test.com","score":-2.0,"email":"Jason.Wu@test.com","birthYear":"1952"}
{"customer":"Jason.Wu@test.com","score":-2.5,"email":"Jason.Wu@test.com","birthYear":"1952"}
{"customer":"Jason.Wu@test.com","score":-2.5,"email":"Jason.Wu@test.com","birthYear":"1952"}
{"customer":"Jason.Wu@test.com","score":-3.0,"email":"Jason.Wu@test.com","birthYear":"1952"}
{"customer":"Jason.Wu@test.com","score":-2.0,"email":"Jason.Wu@test.com","birthYear":"1952"}
{"customer":"Jason.Wu@test.com","score":-2.5,"email":"Jason.Wu@test.com","birthYear":"1952"}
{"customer":"Jason.Wu@test.com","score":-5.0,"email":"Jason.Wu@test.com","birthYear":"1952"}
{"customer":"Jason.Wu@test.com","score":-6.0,"email":"Jason.Wu@test.com","birthYear":"1952"}
{"customer":"Jason.Wu@test.com","score":-5.0,"email":"Jason.Wu@test.com","birthYear":"1952"}
{"customer":"Jason.Wu@test.com","score":-3.0,"email":"Jason.Wu@test.com","birthYear":"1952"}
{"customer":"Jason.Wu@test.com","score":-3.0,"email":"Jason.Wu@test.com","birthYear":"1952"}
{"customer":"Jason.Wu@test.com","score":-5.0,"email":"Jason.Wu@test.com","birthYear":"1952"}
{"customer":"Jason.Wu@test.com","score":-6.0,"email":"Jason.Wu@test.com","birthYear":"1952"}
{"customer":"Jason.Wu@test.com","score":-5.5,"email":"Jason.Wu@test.com","birthYear":"1952"}
{"customer":"Jason.Wu@test.com","score":-3.5,"email":"Jason.Wu@test.com","birthYear":"1952"}
{"customer":"Jason.Wu@test.com","score":-2.5,"email":"Jason.Wu@test.com","birthYear":"1952"}
{"customer":"Spencer.Hansen@test.com","score":6.5,"email":"Spencer.Hansen@test.com","birthYear":"1945"}
{"customer":"Spencer.Hansen@test.com","score":-24.0,"email":"Spencer.Hansen@test.com","birthYear":"1945"}
{"customer":"Spencer.Hansen@test.com","score":-14.0,"email":"Spencer.Hansen@test.com","birthYear":"1945"}
{"customer":"Spencer.Hansen@test.com","score":17.5,"email":"Spencer.Hansen@test.com","birthYear":"1945"}
{"customer":"Spencer.Hansen@test.com","score":15.5,"email":"Spencer.Hansen@test.com","birthYear":"1945"}
{"customer":"Spencer.Hansen@test.com","score":18.0,"email":"Spencer.Hansen@test.com","birthYear":"1945"}
{"customer":"Spencer.Hansen@test.com","score":13.0,"email":"Spencer.Hansen@test.com","birthYear":"1945"}
{"customer":"Spencer.Hansen@test.com","score":-11.5,"email":"Spencer.Hansen@test.com","birthYear":"1945"}
{"customer":"Spencer.Hansen@test.com","score":-27.0,"email":"Spencer.Hansen@test.com","birthYear":"1945"}
{"customer":"Spencer.Hansen@test.com","score":8.0,"email":"Spencer.Hansen@test.com","birthYear":"1945"}
{"customer":"Spencer.Hansen@test.com","score":22.0,"email":"Spencer.Hansen@test.com","birthYear":"1945"}
{"customer":"Spencer.Hansen@test.com","score":2.0,"email":"Spencer.Hansen@test.com","birthYear":"1945"}
{"customer":"Spencer.Hansen@test.com","score":9.5,"email":"Spencer.Hansen@test.com","birthYear":"1945"}
{"customer":"Spencer.Hansen@test.com","score":-4.5,"email":"Spencer.Hansen@test.com","birthYear":"1945"}
{"customer":"Spencer.Hansen@test.com","score":-12.0,"email":"Spencer.Hansen@test.com","birthYear":"1945"}
{"customer":"Spencer.Hansen@test.com","score":11.0,"email":"Spencer.Hansen@test.com","birthYear":"1945"}
{"customer":"Spencer.Hansen@test.com","score":4.5,"email":"Spencer.Hansen@test.com","birthYear":"1945"}
{"customer":"Spencer.Hansen@test.com","score":-28.5,"email":"Spencer.Hansen@test.com","birthYear":"1945"}
{"customer":"Spencer.Hansen@test.com","score":-12.0,"email":"Spencer.Hansen@test.com","birthYear":"1945"}
{"customer":"Spencer.Hansen@test.com","score":35.5,"email":"Spencer.Hansen@test.com","birthYear":"1945"}
{"customer":"Spencer.Hansen@test.com","score":15.5,"email":"Spencer.Hansen@test.com","birthYear":"1945"}
{"customer":"Spencer.Hansen@test.com","score":-12.0,"email":"Spencer.Hansen@test.com","birthYear":"1945"}
{"customer":"Spencer.Hansen@test.com","score":3.0,"email":"Spencer.Hansen@test.com","birthYear":"1945"}
{"customer":"Spencer.Hansen@test.com","score":-11.0,"email":"Spencer.Hansen@test.com","birthYear":"1945"}
{"customer":"Spencer.Hansen@test.com","score":-11.0,"email":"Spencer.Hansen@test.com","birthYear":"1945"}
{"customer":"Spencer.Hansen@test.com","score":26.0,"email":"Spencer.Hansen@test.com","birthYear":"1945"}
{"customer":"Spencer.Hansen@test.com","score":16.0,"email":"Spencer.Hansen@test.com","birthYear":"1945"}
{"customer":"Dan.Doshi@test.com","score":8.5,"email":"Dan.Doshi@test.com","birthYear":"1946"}
{"customer":"Dan.Doshi@test.com","score":-2.5,"email":"Dan.Doshi@test.com","birthYear":"1946"}
{"customer":"Dan.Doshi@test.com","score":-8.5,"email":"Dan.Doshi@test.com","birthYear":"1946"}
{"customer":"Dan.Doshi@test.com","score":5.5,"email":"Dan.Doshi@test.com","birthYear":"1946"}
{"customer":"Dan.Doshi@test.com","score":45.0,"email":"Dan.Doshi@test.com","birthYear":"1946"}
{"customer":"John.Doshi@test.com","score":-3.0,"email":"John.Doshi@test.com","birthYear":"1953"}
{"customer":"John.Doshi@test.com","score":-4.0,"email":"John.Doshi@test.com","birthYear":"1953"}
{"customer":"John.Doshi@test.com","score":-3.0,"email":"John.Doshi@test.com","birthYear":"1953"}
{"customer":"John.Doshi@test.com","score":-1.5,"email":"John.Doshi@test.com","birthYear":"1953"}
{"customer":"John.Doshi@test.com","score":-2.5,"email":"John.Doshi@test.com","birthYear":"1953"}
{"customer":"John.Doshi@test.com","score":-5.0,"email":"John.Doshi@test.com","birthYear":"1953"}
{"customer":"John.Doshi@test.com","score":-4.5,"email":"John.Doshi@test.com","birthYear":"1953"}
{"customer":"John.Doshi@test.com","score":-3.0,"email":"John.Doshi@test.com","birthYear":"1953"}
{"customer":"John.Doshi@test.com","score":-4.0,"email":"John.Doshi@test.com","birthYear":"1953"}
{"customer":"John.Doshi@test.com","score":-4.0,"email":"John.Doshi@test.com","birthYear":"1953"}
{"customer":"John.Doshi@test.com","score":-3.5,"email":"John.Doshi@test.com","birthYear":"1953"}
{"customer":"John.Doshi@test.com","score":-4.0,"email":"John.Doshi@test.com","birthYear":"1953"}
{"customer":"John.Doshi@test.com","score":-3.0,"email":"John.Doshi@test.com","birthYear":"1953"}
{"customer":"John.Doshi@test.com","score":-2.5,"email":"John.Doshi@test.com","birthYear":"1953"}
{"customer":"John.Doshi@test.com","score":-2.5,"email":"John.Doshi@test.com","birthYear":"1953"}
{"customer":"John.Doshi@test.com","score":-2.5,"email":"John.Doshi@test.com","birthYear":"1953"}
{"customer":"John.Doshi@test.com","score":-3.0,"email":"John.Doshi@test.com","birthYear":"1953"}
{"customer":"John.Doshi@test.com","score":-1.5,"email":"John.Doshi@test.com","birthYear":"1953"}
{"customer":"John.Doshi@test.com","score":-1.5,"email":"John.Doshi@test.com","birthYear":"1953"}
{"customer":"John.Doshi@test.com","score":-4.5,"email":"John.Doshi@test.com","birthYear":"1953"}
{"customer":"John.Doshi@test.com","score":-4.5,"email":"John.Doshi@test.com","birthYear":"1953"}
{"customer":"John.Doshi@test.com","score":-1.5,"email":"John.Doshi@test.com","birthYear":"1953"}
{"customer":"John.Doshi@test.com","score":-0.5,"email":"John.Doshi@test.com","birthYear":"1953"}
{"customer":"John.Doshi@test.com","score":-1.5,"email":"John.Doshi@test.com","birthYear":"1953"}
{"customer":"John.Doshi@test.com","score":-2.5,"email":"John.Doshi@test.com","birthYear":"1953"}
{"customer":"John.Doshi@test.com","score":-2.5,"email":"John.Doshi@test.com","birthYear":"1953"}
{"customer":"John.Doshi@test.com","score":-1.5,"email":"John.Doshi@test.com","birthYear":"1953"}
{"customer":"Travis.Davis@test.com","score":-5.0,"email":"Travis.Davis@test.com","birthYear":"1956"}
{"customer":"Travis.Davis@test.com","score":-5.0,"email":"Travis.Davis@test.com","birthYear":"1956"}
{"customer":"Travis.Davis@test.com","score":-4.0,"email":"Travis.Davis@test.com","birthYear":"1956"}
{"customer":"Travis.Davis@test.com","score":-2.5,"email":"Travis.Davis@test.com","birthYear":"1956"}
{"customer":"Travis.Davis@test.com","score":-2.0,"email":"Travis.Davis@test.com","birthYear":"1956"}
{"customer":"Travis.Davis@test.com","score":-1.5,"email":"Travis.Davis@test.com","birthYear":"1956"}
{"customer":"Travis.Davis@test.com","score":-1.5,"email":"Travis.Davis@test.com","birthYear":"1956"}
{"customer":"Travis.Davis@test.com","score":-2.5,"email":"Travis.Davis@test.com","birthYear":"1956"}
{"customer":"Travis.Davis@test.com","score":-3.5,"email":"Travis.Davis@test.com","birthYear":"1956"}
{"customer":"Travis.Davis@test.com","score":-3.5,"email":"Travis.Davis@test.com","birthYear":"1956"}
{"customer":"Travis.Davis@test.com","score":-3.0,"email":"Travis.Davis@test.com","birthYear":"1956"}
{"customer":"Travis.Davis@test.com","score":-3.5,"email":"Travis.Davis@test.com","birthYear":"1956"}
{"customer":"Travis.Davis@test.com","score":-4.5,"email":"Travis.Davis@test.com","birthYear":"1956"}
{"customer":"Travis.Davis@test.com","score":-4.5,"email":"Travis.Davis@test.com","birthYear":"1956"}
{"customer":"Travis.Davis@test.com","score":-3.0,"email":"Travis.Davis@test.com","birthYear":"1956"}
{"customer":"Travis.Davis@test.com","score":-2.5,"email":"Travis.Davis@test.com","birthYear":"1956"}
{"customer":"Travis.Davis@test.com","score":-2.5,"email":"Travis.Davis@test.com","birthYear":"1956"}
{"customer":"Travis.Davis@test.com","score":-2.0,"email":"Travis.Davis@test.com","birthYear":"1956"}
{"customer":"Travis.Davis@test.com","score":-2.5,"email":"Travis.Davis@test.com","birthYear":"1956"}
{"customer":"Travis.Davis@test.com","score":-2.5,"email":"Travis.Davis@test.com","birthYear":"1956"}
{"customer":"Travis.Davis@test.com","score":-3.0,"email":"Travis.Davis@test.com","birthYear":"1956"}
{"customer":"Travis.Davis@test.com","score":-4.0,"email":"Travis.Davis@test.com","birthYear":"1956"}
{"customer":"Travis.Davis@test.com","score":-3.5,"email":"Travis.Davis@test.com","birthYear":"1956"}
{"customer":"Travis.Davis@test.com","score":-2.5,"email":"Travis.Davis@test.com","birthYear":"1956"}
{"customer":"Travis.Davis@test.com","score":-2.5,"email":"Travis.Davis@test.com","birthYear":"1956"}
{"customer":"Travis.Davis@test.com","score":-3.0,"email":"Travis.Davis@test.com","birthYear":"1956"}
{"customer":"Travis.Davis@test.com","score":-1.5,"email":"Travis.Davis@test.com","birthYear":"1956"}
{"customer":"Suresh.Habschied@test.com","score":-8.0,"email":"Suresh.Habschied@test.com","birthYear":"1938"}
{"customer":"Suresh.Habschied@test.com","score":-2.0,"email":"Suresh.Habschied@test.com","birthYear":"1938"}
{"customer":"Suresh.Habschied@test.com","score":-0.5,"email":"Suresh.Habschied@test.com","birthYear":"1938"}
{"customer":"Suresh.Habschied@test.com","score":-10.0,"email":"Suresh.Habschied@test.com","birthYear":"1938"}
{"customer":"Suresh.Habschied@test.com","score":-12.5,"email":"Suresh.Habschied@test.com","birthYear":"1938"}
{"customer":"Trevor.Huey@test.com","score":39.5,"email":"Trevor.Huey@test.com","birthYear":"1965"}
{"customer":"Trevor.Huey@test.com","score":17.5,"email":"Trevor.Huey@test.com","birthYear":"1965"}
{"customer":"Trevor.Huey@test.com","score":-23.5,"email":"Trevor.Huey@test.com","birthYear":"1965"}
{"customer":"Trevor.Huey@test.com","score":-10.0,"email":"Trevor.Huey@test.com","birthYear":"1965"}
{"customer":"Trevor.Huey@test.com","score":24.0,"email":"Trevor.Huey@test.com","birthYear":"1965"}
{"customer":"Trevor.Huey@test.com","score":6.5,"email":"Trevor.Huey@test.com","birthYear":"1965"}
{"customer":"Trevor.Huey@test.com","score":-16.5,"email":"Trevor.Huey@test.com","birthYear":"1965"}
{"customer":"Trevor.Huey@test.com","score":-8.0,"email":"Trevor.Huey@test.com","birthYear":"1965"}
{"customer":"Trevor.Huey@test.com","score":-12.0,"email":"Trevor.Huey@test.com","birthYear":"1965"}
{"customer":"Trevor.Huey@test.com","score":3.0,"email":"Trevor.Huey@test.com","birthYear":"1965"}
{"customer":"Trevor.Huey@test.com","score":8.5,"email":"Trevor.Huey@test.com","birthYear":"1965"}
{"customer":"Trevor.Huey@test.com","score":-24.5,"email":"Trevor.Huey@test.com","birthYear":"1965"}
{"customer":"Trevor.Huey@test.com","score":-25.5,"email":"Trevor.Huey@test.com","birthYear":"1965"}
{"customer":"Trevor.Huey@test.com","score":11.0,"email":"Trevor.Huey@test.com","birthYear":"1965"}
{"customer":"Trevor.Huey@test.com","score":27.5,"email":"Trevor.Huey@test.com","birthYear":"1965"}
{"customer":"Dan.Lincoln@test.com","score":-2.5,"email":"Dan.Lincoln@test.com","birthYear":"1951"}
{"customer":"Dan.Lincoln@test.com","score":-3.0,"email":"Dan.Lincoln@test.com","birthYear":"1951"}
{"customer":"Dan.Lincoln@test.com","score":-3.0,"email":"Dan.Lincoln@test.com","birthYear":"1951"}
{"customer":"Dan.Lincoln@test.com","score":-3.5,"email":"Dan.Lincoln@test.com","birthYear":"1951"}
{"customer":"Dan.Lincoln@test.com","score":-3.0,"email":"Dan.Lincoln@test.com","birthYear":"1951"}
{"customer":"Dan.Lincoln@test.com","score":-2.5,"email":"Dan.Lincoln@test.com","birthYear":"1951"}
{"customer":"Jacob.Jefferson@test.com","score":5.0,"email":"Jacob.Jefferson@test.com","birthYear":"1940"}
{"customer":"Jacob.Jefferson@test.com","score":-5.0,"email":"Jacob.Jefferson@test.com","birthYear":"1940"}
{"customer":"Jacob.Jefferson@test.com","score":-2.5,"email":"Jacob.Jefferson@test.com","birthYear":"1940"}
{"customer":"Jacob.Jefferson@test.com","score":8.0,"email":"Jacob.Jefferson@test.com","birthYear":"1940"}
{"customer":"Jacob.Jefferson@test.com","score":-9.0,"email":"Jacob.Jefferson@test.com","birthYear":"1940"}
{"customer":"Jacob.Jefferson@test.com","score":-23.0,"email":"Jacob.Jefferson@test.com","birthYear":"1940"}
{"customer":"Jacob.Jefferson@test.com","score":5.0,"email":"Jacob.Jefferson@test.com","birthYear":"1940"}
{"customer":"Jacob.Jefferson@test.com","score":22.0,"email":"Jacob.Jefferson@test.com","birthYear":"1940"}
{"customer":"Jacob.Jefferson@test.com","score":5.0,"email":"Jacob.Jefferson@test.com","birthYear":"1940"}
{"customer":"Jacob.Jefferson@test.com","score":-10.0,"email":"Jacob.Jefferson@test.com","birthYear":"1940"}
{"customer":"Jacob.Jefferson@test.com","score":-20.0,"email":"Jacob.Jefferson@test.com","birthYear":"1940"}
{"customer":"Jacob.Jefferson@test.com","score":-11.0,"email":"Jacob.Jefferson@test.com","birthYear":"1940"}
{"customer":"Jacob.Jefferson@test.com","score":23.5,"email":"Jacob.Jefferson@test.com","birthYear":"1940"}
{"customer":"Jacob.Jefferson@test.com","score":36.0,"email":"Jacob.Jefferson@test.com","birthYear":"1940"}
{"customer":"Jacob.Jefferson@test.com","score":12.0,"email":"Jacob.Jefferson@test.com","birthYear":"1940"}
{"customer":"Lyn.Jones@test.com","score":26.5,"email":"Lyn.Jones@test.com","birthYear":"1962"}
{"customer":"Lyn.Jones@test.com","score":-0.5,"email":"Lyn.Jones@test.com","birthYear":"1962"}
{"customer":"Lyn.Jones@test.com","score":-34.0,"email":"Lyn.Jones@test.com","birthYear":"1962"}
{"customer":"Lyn.Jones@test.com","score":-35.0,"email":"Lyn.Jones@test.com","birthYear":"1962"}
{"customer":"Lyn.Jones@test.com","score":5.0,"email":"Lyn.Jones@test.com","birthYear":"1962"}
{"customer":"Lyn.Jones@test.com","score":33.5,"email":"Lyn.Jones@test.com","birthYear":"1962"}
{"customer":"Suresh.Hansen@test.com","score":-4.5,"email":"Suresh.Hansen@test.com","birthYear":"1958"}
{"customer":"Suresh.Hansen@test.com","score":-4.5,"email":"Suresh.Hansen@test.com","birthYear":"1958"}
{"customer":"Suresh.Hansen@test.com","score":-4.0,"email":"Suresh.Hansen@test.com","birthYear":"1958"}
{"customer":"Suresh.Hansen@test.com","score":-3.5,"email":"Suresh.Hansen@test.com","birthYear":"1958"}
{"customer":"Suresh.Hansen@test.com","score":-2.5,"email":"Suresh.Hansen@test.com","birthYear":"1958"}
{"customer":"Suresh.Hansen@test.com","score":-2.5,"email":"Suresh.Hansen@test.com","birthYear":"1958"}
{"customer":"Jane.Khatib@test.com","score":6.5,"email":"Jane.Khatib@test.com","birthYear":"1962"}
{"customer":"Jane.Khatib@test.com","score":29.0,"email":"Jane.Khatib@test.com","birthYear":"1962"}
{"customer":"Jane.Khatib@test.com","score":7.5,"email":"Jane.Khatib@test.com","birthYear":"1962"}
{"customer":"Jane.Khatib@test.com","score":3.0,"email":"Jane.Khatib@test.com","birthYear":"1962"}
{"customer":"Jane.Khatib@test.com","score":6.5,"email":"Jane.Khatib@test.com","birthYear":"1962"}
{"customer":"Jane.Khatib@test.com","score":-13.5,"email":"Jane.Khatib@test.com","birthYear":"1962"}
{"customer":"Bobby.Habschied@test.com","score":-4.0,"email":"Bobby.Habschied@test.com","birthYear":"1956"}
{"customer":"Bobby.Habschied@test.com","score":-4.5,"email":"Bobby.Habschied@test.com","birthYear":"1956"}
{"customer":"Bobby.Habschied@test.com","score":-4.0,"email":"Bobby.Habschied@test.com","birthYear":"1956"}
{"customer":"Bobby.Habschied@test.com","score":-4.5,"email":"Bobby.Habschied@test.com","birthYear":"1956"}
{"customer":"Bobby.Habschied@test.com","score":-5.5,"email":"Bobby.Habschied@test.com","birthYear":"1956"}
{"customer":"Bobby.Habschied@test.com","score":-6.0,"email":"Bobby.Habschied@test.com","birthYear":"1956"}
{"customer":"Bobby.Habschied@test.com","score":-6.0,"email":"Bobby.Habschied@test.com","birthYear":"1956"}
{"customer":"Bobby.Habschied@test.com","score":-4.5,"email":"Bobby.Habschied@test.com","birthYear":"1956"}
{"customer":"Bobby.Habschied@test.com","score":-2.0,"email":"Bobby.Habschied@test.com","birthYear":"1956"}
{"customer":"Bobby.Habschied@test.com","score":-1.5,"email":"Bobby.Habschied@test.com","birthYear":"1956"}
{"customer":"Bobby.Habschied@test.com","score":-2.5,"email":"Bobby.Habschied@test.com","birthYear":"1956"}
{"customer":"Bobby.Habschied@test.com","score":-4.0,"email":"Bobby.Habschied@test.com","birthYear":"1956"}
{"customer":"Bobby.Habschied@test.com","score":-5.5,"email":"Bobby.Habschied@test.com","birthYear":"1956"}
{"customer":"Bobby.Habschied@test.com","score":-5.5,"email":"Bobby.Habschied@test.com","birthYear":"1956"}
{"customer":"Bobby.Habschied@test.com","score":-4.0,"email":"Bobby.Habschied@test.com","birthYear":"1956"}
{"customer":"Travis.Jefferson@test.com","score":21.0,"email":"Travis.Jefferson@test.com","birthYear":"1948"}
{"customer":"Travis.Jefferson@test.com","score":-10.5,"email":"Travis.Jefferson@test.com","birthYear":"1948"}
{"customer":"Travis.Jefferson@test.com","score":-5.5,"email":"Travis.Jefferson@test.com","birthYear":"1948"}
{"customer":"Travis.Jefferson@test.com","score":33.0,"email":"Travis.Jefferson@test.com","birthYear":"1948"}
{"customer":"Travis.Jefferson@test.com","score":10.5,"email":"Travis.Jefferson@test.com","birthYear":"1948"}
{"customer":"Travis.Jefferson@test.com","score":-23.5,"email":"Travis.Jefferson@test.com","birthYear":"1948"}
{"customer":"Travis.Jefferson@test.com","score":-21.5,"email":"Travis.Jefferson@test.com","birthYear":"1948"}
{"customer":"Travis.Jefferson@test.com","score":-18.5,"email":"Travis.Jefferson@test.com","birthYear":"1948"}
{"customer":"Travis.Jefferson@test.com","score":2.5,"email":"Travis.Jefferson@test.com","birthYear":"1948"}
{"customer":"Travis.Jefferson@test.com","score":-4.5,"email":"Travis.Jefferson@test.com","birthYear":"1948"}
{"customer":"Travis.Jefferson@test.com","score":-20.5,"email":"Travis.Jefferson@test.com","birthYear":"1948"}
{"customer":"Travis.Jefferson@test.com","score":11.5,"email":"Travis.Jefferson@test.com","birthYear":"1948"}
{"customer":"Travis.Jefferson@test.com","score":31.0,"email":"Travis.Jefferson@test.com","birthYear":"1948"}
{"customer":"Travis.Jefferson@test.com","score":-1.5,"email":"Travis.Jefferson@test.com","birthYear":"1948"}
{"customer":"Travis.Jefferson@test.com","score":-21.0,"email":"Travis.Jefferson@test.com","birthYear":"1948"}
{"customer":"Travis.Jefferson@test.com","score":8.0,"email":"Travis.Jefferson@test.com","birthYear":"1948"}
{"customer":"Travis.Jefferson@test.com","score":34.5,"email":"Travis.Jefferson@test.com","birthYear":"1948"}
{"customer":"Travis.Jefferson@test.com","score":21.5,"email":"Travis.Jefferson@test.com","birthYear":"1948"}
{"customer":"Travis.Jefferson@test.com","score":-17.0,"email":"Travis.Jefferson@test.com","birthYear":"1948"}
{"customer":"Travis.Jefferson@test.com","score":-34.5,"email":"Travis.Jefferson@test.com","birthYear":"1948"}
{"customer":"Travis.Jefferson@test.com","score":-18.0,"email":"Travis.Jefferson@test.com","birthYear":"1948"}
{"customer":"Travis.Jefferson@test.com","score":-9.5,"email":"Travis.Jefferson@test.com","birthYear":"1948"}
{"customer":"Travis.Jefferson@test.com","score":-9.0,"email":"Travis.Jefferson@test.com","birthYear":"1948"}
{"customer":"Travis.Jefferson@test.com","score":-1.5,"email":"Travis.Jefferson@test.com","birthYear":"1948"}
{"customer":"Travis.Jefferson@test.com","score":11.0,"email":"Travis.Jefferson@test.com","birthYear":"1948"}
{"customer":"Travis.Jefferson@test.com","score":29.5,"email":"Travis.Jefferson@test.com","birthYear":"1948"}
{"customer":"Travis.Jefferson@test.com","score":12.0,"email":"Travis.Jefferson@test.com","birthYear":"1948"}
{"customer":"Bobby.Gonzalez@test.com","score":-5.5,"email":"Bobby.Gonzalez@test.com","birthYear":"1950"}
{"customer":"Bobby.Gonzalez@test.com","score":-4.5,"email":"Bobby.Gonzalez@test.com","birthYear":"1950"}
{"customer":"Bobby.Gonzalez@test.com","score":-4.5,"email":"Bobby.Gonzalez@test.com","birthYear":"1950"}
{"customer":"Bobby.Gonzalez@test.com","score":-5.0,"email":"Bobby.Gonzalez@test.com","birthYear":"1950"}
{"customer":"Bobby.Gonzalez@test.com","score":-4.0,"email":"Bobby.Gonzalez@test.com","birthYear":"1950"}
{"customer":"Bobby.Gonzalez@test.com","score":-2.0,"email":"Bobby.Gonzalez@test.com","birthYear":"1950"}
{"customer":"Santosh.Phillips@test.com","score":-1.5,"email":"Santosh.Phillips@test.com","birthYear":"1950"}
{"customer":"Santosh.Phillips@test.com","score":-3.0,"email":"Santosh.Phillips@test.com","birthYear":"1950"}
{"customer":"Santosh.Phillips@test.com","score":-4.5,"email":"Santosh.Phillips@test.com","birthYear":"1950"}
{"customer":"Santosh.Phillips@test.com","score":-5.5,"email":"Santosh.Phillips@test.com","birthYear":"1950"}
{"customer":"Jacob.Lincoln@test.com","score":38.5,"email":"Jacob.Lincoln@test.com","birthYear":"1961"}
{"customer":"Jacob.Lincoln@test.com","score":-1.0,"email":"Jacob.Lincoln@test.com","birthYear":"1961"}
{"customer":"Jacob.Lincoln@test.com","score":-20.5,"email":"Jacob.Lincoln@test.com","birthYear":"1961"}
{"customer":"Jacob.Lincoln@test.com","score":-9.0,"email":"Jacob.Lincoln@test.com","birthYear":"1961"}
{"customer":"Spencer.Phillips@test.com","score":-14.5,"email":"Spencer.Phillips@test.com","birthYear":"1965"}
{"customer":"Spencer.Phillips@test.com","score":-10.5,"email":"Spencer.Phillips@test.com","birthYear":"1965"}
{"customer":"Spencer.Phillips@test.com","score":7.5,"email":"Spencer.Phillips@test.com","birthYear":"1965"}
{"customer":"Spencer.Phillips@test.com","score":8.0,"email":"Spencer.Phillips@test.com","birthYear":"1965"}
{"customer":"Gail.Staples@test.com","score":-23.5,"email":"Gail.Staples@test.com","birthYear":"1942"}
{"customer":"Gail.Staples@test.com","score":-19.5,"email":"Gail.Staples@test.com","birthYear":"1942"}
{"customer":"Gail.Staples@test.com","score":26.0,"email":"Gail.Staples@test.com","birthYear":"1942"}
{"customer":"Gail.Staples@test.com","score":19.0,"email":"Gail.Staples@test.com","birthYear":"1942"}
{"customer":"Santosh.Olson@test.com","score":10.5,"email":"Santosh.Olson@test.com","birthYear":"1948"}
{"customer":"Santosh.Olson@test.com","score":-2.5,"email":"Santosh.Olson@test.com","birthYear":"1948"}
{"customer":"Santosh.Olson@test.com","score":13.0,"email":"Santosh.Olson@test.com","birthYear":"1948"}
{"customer":"Santosh.Olson@test.com","score":16.0,"email":"Santosh.Olson@test.com","birthYear":"1948"}
{"customer":"Santosh.Olson@test.com","score":-14.5,"email":"Santosh.Olson@test.com","birthYear":"1948"}
{"customer":"Jason.Harris@test.com","score":-1.5,"email":"Jason.Harris@test.com","birthYear":"1954"}
{"customer":"Jason.Harris@test.com","score":-1.5,"email":"Jason.Harris@test.com","birthYear":"1954"}
{"customer":"Jason.Harris@test.com","score":-3.5,"email":"Jason.Harris@test.com","birthYear":"1954"}
{"customer":"Jason.Harris@test.com","score":-2.5,"email":"Jason.Harris@test.com","birthYear":"1954"}
{"customer":"Dan.Spencer@test.com","score":-5.0,"email":"Dan.Spencer@test.com","birthYear":"1956"}
{"customer":"Dan.Spencer@test.com","score":-4.5,"email":"Dan.Spencer@test.com","birthYear":"1956"}
{"customer":"Dan.Spencer@test.com","score":-3.5,"email":"Dan.Spencer@test.com","birthYear":"1956"}
{"customer":"Dan.Spencer@test.com","score":-2.5,"email":"Dan.Spencer@test.com","birthYear":"1956"}
{"customer":"Suresh.Doshi@test.com","score":23.0,"email":"Suresh.Doshi@test.com","birthYear":"1943"}
{"customer":"Suresh.Doshi@test.com","score":-4.0,"email":"Suresh.Doshi@test.com","birthYear":"1943"}
{"customer":"Suresh.Doshi@test.com","score":0.0,"email":"Suresh.Doshi@test.com","birthYear":"1943"}
{"customer":"Suresh.Doshi@test.com","score":15.0,"email":"Suresh.Doshi@test.com","birthYear":"1943"}
{"customer":"Dan.Huey@test.com","score":32.5,"email":"Dan.Huey@test.com","birthYear":"1940"}
{"customer":"Dan.Huey@test.com","score":16.0,"email":"Dan.Huey@test.com","birthYear":"1940"}
{"customer":"Dan.Huey@test.com","score":-4.0,"email":"Dan.Huey@test.com","birthYear":"1940"}
{"customer":"Dan.Huey@test.com","score":-7.5,"email":"Dan.Huey@test.com","birthYear":"1940"}
{"customer":"Sarah.Doshi@test.com","score":24.0,"email":"Sarah.Doshi@test.com","birthYear":"1947"}
{"customer":"Sarah.Doshi@test.com","score":11.5,"email":"Sarah.Doshi@test.com","birthYear":"1947"}
{"customer":"Sarah.Doshi@test.com","score":-30.0,"email":"Sarah.Doshi@test.com","birthYear":"1947"}
{"customer":"Sarah.Doshi@test.com","score":-15.5,"email":"Sarah.Doshi@test.com","birthYear":"1947"}
{"customer":"Sarah.Doshi@test.com","score":26.5,"email":"Sarah.Doshi@test.com","birthYear":"1947"}
{"customer":"Spencer.Clayton@test.com","score":14.5,"email":"Spencer.Clayton@test.com","birthYear":"1945"}
{"customer":"Spencer.Clayton@test.com","score":-12.0,"email":"Spencer.Clayton@test.com","birthYear":"1945"}
{"customer":"Spencer.Clayton@test.com","score":-2.0,"email":"Spencer.Clayton@test.com","birthYear":"1945"}
{"customer":"Spencer.Clayton@test.com","score":21.0,"email":"Spencer.Clayton@test.com","birthYear":"1945"}
{"customer":"Spencer.Clayton@test.com","score":-4.0,"email":"Spencer.Clayton@test.com","birthYear":"1945"}
{"customer":"Larry.Ahmed@test.com","score":5.0,"email":"Larry.Ahmed@test.com","birthYear":"1963"}
{"customer":"Larry.Ahmed@test.com","score":-7.0,"email":"Larry.Ahmed@test.com","birthYear":"1963"}
{"customer":"Larry.Ahmed@test.com","score":0.0,"email":"Larry.Ahmed@test.com","birthYear":"1963"}
{"customer":"Larry.Ahmed@test.com","score":25.0,"email":"Larry.Ahmed@test.com","birthYear":"1963"}
{"customer":"Eric.Mitra@test.com","score":-2.5,"email":"Eric.Mitra@test.com","birthYear":"1952"}
{"customer":"Eric.Mitra@test.com","score":-3.0,"email":"Eric.Mitra@test.com","birthYear":"1952"}
{"customer":"Eric.Mitra@test.com","score":-3.5,"email":"Eric.Mitra@test.com","birthYear":"1952"}
{"customer":"Eric.Mitra@test.com","score":-5.0,"email":"Eric.Mitra@test.com","birthYear":"1952"}
{"customer":"Chris.Anandh@test.com","score":4.5,"email":"Chris.Anandh@test.com","birthYear":"1937"}
{"customer":"Chris.Anandh@test.com","score":-20.5,"email":"Chris.Anandh@test.com","birthYear":"1937"}
{"customer":"Chris.Anandh@test.com","score":-20.0,"email":"Chris.Anandh@test.com","birthYear":"1937"}
{"customer":"Chris.Anandh@test.com","score":-6.0,"email":"Chris.Anandh@test.com","birthYear":"1937"}
{"customer":"Spencer.Jones@test.com","score":-4.5,"email":"Spencer.Jones@test.com","birthYear":"1939"}
{"customer":"Spencer.Jones@test.com","score":24.5,"email":"Spencer.Jones@test.com","birthYear":"1939"}
{"customer":"Spencer.Jones@test.com","score":45.5,"email":"Spencer.Jones@test.com","birthYear":"1939"}
{"customer":"Spencer.Jones@test.com","score":-8.5,"email":"Spencer.Jones@test.com","birthYear":"1939"}
{"customer":"Spencer.Anandh@test.com","score":5.5,"email":"Spencer.Anandh@test.com","birthYear":"1949"}
{"customer":"Spencer.Anandh@test.com","score":11.0,"email":"Spencer.Anandh@test.com","birthYear":"1949"}
{"customer":"Spencer.Anandh@test.com","score":5.0,"email":"Spencer.Anandh@test.com","birthYear":"1949"}
{"customer":"Spencer.Anandh@test.com","score":-27.0,"email":"Spencer.Anandh@test.com","birthYear":"1949"}
{"customer":"Angie.Khatib@test.com","score":-4.5,"email":"Angie.Khatib@test.com","birthYear":"1955"}
{"customer":"Angie.Khatib@test.com","score":-3.0,"email":"Angie.Khatib@test.com","birthYear":"1955"}
{"customer":"Angie.Khatib@test.com","score":-3.0,"email":"Angie.Khatib@test.com","birthYear":"1955"}
{"customer":"Angie.Khatib@test.com","score":-3.5,"email":"Angie.Khatib@test.com","birthYear":"1955"}
{"customer":"Santosh.Jackson@test.com","score":31.0,"email":"Santosh.Jackson@test.com","birthYear":"1944"}
{"customer":"Santosh.Jackson@test.com","score":11.0,"email":"Santosh.Jackson@test.com","birthYear":"1944"}
{"customer":"Santosh.Jackson@test.com","score":-24.5,"email":"Santosh.Jackson@test.com","birthYear":"1944"}
{"customer":"Santosh.Jackson@test.com","score":-5.0,"email":"Santosh.Jackson@test.com","birthYear":"1944"}
{"customer":"Santosh.Jackson@test.com","score":6.0,"email":"Santosh.Jackson@test.com","birthYear":"1944"}
{"customer":"Gail.Jackson@test.com","score":-4.5,"email":"Gail.Jackson@test.com","birthYear":"1959"}
{"customer":"Gail.Jackson@test.com","score":-2.5,"email":"Gail.Jackson@test.com","birthYear":"1959"}
{"customer":"Gail.Jackson@test.com","score":-2.0,"email":"Gail.Jackson@test.com","birthYear":"1959"}
{"customer":"Gail.Jackson@test.com","score":-2.0,"email":"Gail.Jackson@test.com","birthYear":"1959"}
{"customer":"Dan.Doshi@test.com","score":-8.0,"email":"Dan.Doshi@test.com","birthYear":"1946"}
{"customer":"Dan.Doshi@test.com","score":-21.5,"email":"Dan.Doshi@test.com","birthYear":"1946"}
{"customer":"Dan.Doshi@test.com","score":16.0,"email":"Dan.Doshi@test.com","birthYear":"1946"}
{"customer":"Dan.Doshi@test.com","score":10.0,"email":"Dan.Doshi@test.com","birthYear":"1946"}
{"customer":"Dan.Doshi@test.com","score":11.0,"email":"Dan.Doshi@test.com","birthYear":"1946"}
{"customer":"Suresh.Habschied@test.com","score":8.5,"email":"Suresh.Habschied@test.com","birthYear":"1938"}
{"customer":"Suresh.Habschied@test.com","score":35.0,"email":"Suresh.Habschied@test.com","birthYear":"1938"}
{"customer":"Suresh.Habschied@test.com","score":21.0,"email":"Suresh.Habschied@test.com","birthYear":"1938"}
{"customer":"Suresh.Habschied@test.com","score":-9.5,"email":"Suresh.Habschied@test.com","birthYear":"1938"}
{"customer":"Dan.Lincoln@test.com","score":-3.5,"email":"Dan.Lincoln@test.com","birthYear":"1951"}
{"customer":"Dan.Lincoln@test.com","score":-4.0,"email":"Dan.Lincoln@test.com","birthYear":"1951"}
{"customer":"Dan.Lincoln@test.com","score":-3.0,"email":"Dan.Lincoln@test.com","birthYear":"1951"}
{"customer":"Dan.Lincoln@test.com","score":-2.0,"email":"Dan.Lincoln@test.com","birthYear":"1951"}
{"customer":"Lyn.Jones@test.com","score":5.5,"email":"Lyn.Jones@test.com","birthYear":"1962"}
{"customer":"Lyn.Jones@test.com","score":-19.0,"email":"Lyn.Jones@test.com","birthYear":"1962"}
{"customer":"Lyn.Jones@test.com","score":-8.0,"email":"Lyn.Jones@test.com","birthYear":"1962"}
{"customer":"Lyn.Jones@test.com","score":-17.0,"email":"Lyn.Jones@test.com","birthYear":"1962"}
{"customer":"Suresh.Hansen@test.com","score":-3.5,"email":"Suresh.Hansen@test.com","birthYear":"1958"}
{"customer":"Suresh.Hansen@test.com","score":-4.5,"email":"Suresh.Hansen@test.com","birthYear":"1958"}
{"customer":"Suresh.Hansen@test.com","score":-5.0,"email":"Suresh.Hansen@test.com","birthYear":"1958"}
{"customer":"Suresh.Hansen@test.com","score":-3.5,"email":"Suresh.Hansen@test.com","birthYear":"1958"}
{"customer":"Santosh.Phillips@test.com","score":-6.0,"email":"Santosh.Phillips@test.com","birthYear":"1950"}
{"customer":"Santosh.Phillips@test.com","score":-4.5,"email":"Santosh.Phillips@test.com","birthYear":"1950"}
{"customer":"Santosh.Phillips@test.com","score":-2.5,"email":"Santosh.Phillips@test.com","birthYear":"1950"}
{"customer":"Jacob.Lincoln@test.com","score":21.0,"email":"Jacob.Lincoln@test.com","birthYear":"1961"}
{"customer":"Jacob.Lincoln@test.com","score":3.5,"email":"Jacob.Lincoln@test.com","birthYear":"1961"}
{"customer":"Jacob.Lincoln@test.com","score":-35.0,"email":"Jacob.Lincoln@test.com","birthYear":"1961"}
{"customer":"Spencer.Phillips@test.com","score":-12.5,"email":"Spencer.Phillips@test.com","birthYear":"1965"}
{"customer":"Spencer.Phillips@test.com","score":-16.5,"email":"Spencer.Phillips@test.com","birthYear":"1965"}
{"customer":"Spencer.Phillips@test.com","score":19.5,"email":"Spencer.Phillips@test.com","birthYear":"1965"}
