Spark Command: /usr/lib/jvm/java-8-openjdk-amd64/jre/bin/java -cp /opt/spark-2.3.4-bin-hadoop2.7/conf/:/opt/spark-2.3.4-bin-hadoop2.7/jars/* -Xmx1g org.apache.spark.deploy.master.Master --host c2fa894943e8462af20a0b3e85ec7df38a90ebf4-5dfc58bd9-dq5hx --port 7077 --webui-port 8080
========================================
2024-10-06 21:39:59 INFO  Master:2612 - Started daemon with process name: 85@c2fa894943e8462af20a0b3e85ec7df38a90ebf4-5dfc58bd9-dq5hx
2024-10-06 21:39:59 INFO  SignalUtils:54 - Registered signal handler for TERM
2024-10-06 21:39:59 INFO  SignalUtils:54 - Registered signal handler for HUP
2024-10-06 21:39:59 INFO  SignalUtils:54 - Registered signal handler for INT
2024-10-06 21:40:00 WARN  NativeCodeLoader:62 - Unable to load native-hadoop library for your platform... using builtin-java classes where applicable
2024-10-06 21:40:00 INFO  SecurityManager:54 - Changing view acls to: root
2024-10-06 21:40:00 INFO  SecurityManager:54 - Changing modify acls to: root
2024-10-06 21:40:00 INFO  SecurityManager:54 - Changing view acls groups to: 
2024-10-06 21:40:00 INFO  SecurityManager:54 - Changing modify acls groups to: 
2024-10-06 21:40:00 INFO  SecurityManager:54 - SecurityManager: authentication disabled; ui acls disabled; users  with view permissions: Set(root); groups with view permissions: Set(); users  with modify permissions: Set(root); groups with modify permissions: Set()
2024-10-06 21:40:00 INFO  Utils:54 - Successfully started service 'sparkMaster' on port 7077.
2024-10-06 21:40:01 INFO  Master:54 - Starting Spark master at spark://c2fa894943e8462af20a0b3e85ec7df38a90ebf4-5dfc58bd9-dq5hx:7077
2024-10-06 21:40:01 INFO  Master:54 - Running Spark version 2.3.4
2024-10-06 21:40:01 INFO  log:192 - Logging initialized @2923ms
2024-10-06 21:40:01 INFO  Server:351 - jetty-9.3.z-SNAPSHOT, build timestamp: unknown, git hash: unknown
2024-10-06 21:40:01 INFO  Server:419 - Started @3012ms
2024-10-06 21:40:01 INFO  AbstractConnector:278 - Started ServerConnector@7249dbd4{HTTP/1.1,[http/1.1]}{0.0.0.0:8080}
2024-10-06 21:40:01 INFO  Utils:54 - Successfully started service 'MasterUI' on port 8080.
2024-10-06 21:40:01 INFO  ContextHandler:781 - Started o.s.j.s.ServletContextHandler@23f4306{/app,null,AVAILABLE,@Spark}
2024-10-06 21:40:01 INFO  ContextHandler:781 - Started o.s.j.s.ServletContextHandler@547b447f{/app/json,null,AVAILABLE,@Spark}
2024-10-06 21:40:01 INFO  ContextHandler:781 - Started o.s.j.s.ServletContextHandler@6f74d3e5{/,null,AVAILABLE,@Spark}
2024-10-06 21:40:01 INFO  ContextHandler:781 - Started o.s.j.s.ServletContextHandler@4a49dab9{/json,null,AVAILABLE,@Spark}
2024-10-06 21:40:01 INFO  ContextHandler:781 - Started o.s.j.s.ServletContextHandler@449f2733{/static,null,AVAILABLE,@Spark}
2024-10-06 21:40:01 INFO  ContextHandler:781 - Started o.s.j.s.ServletContextHandler@51bd6cae{/app/kill,null,AVAILABLE,@Spark}
2024-10-06 21:40:01 INFO  ContextHandler:781 - Started o.s.j.s.ServletContextHandler@58b2286d{/driver/kill,null,AVAILABLE,@Spark}
2024-10-06 21:40:01 INFO  MasterWebUI:54 - Bound MasterWebUI to 0.0.0.0, and started at http://c2fa894943e8462af20a0b3e85ec7df38a90ebf4-5dfc58bd9-dq5hx:8080
2024-10-06 21:40:01 INFO  Server:351 - jetty-9.3.z-SNAPSHOT, build timestamp: unknown, git hash: unknown
2024-10-06 21:40:01 INFO  ContextHandler:781 - Started o.s.j.s.ServletContextHandler@584f2644{/,null,AVAILABLE}
2024-10-06 21:40:01 INFO  AbstractConnector:278 - Started ServerConnector@6c3ef615{HTTP/1.1,[http/1.1]}{c2fa894943e8462af20a0b3e85ec7df38a90ebf4-5dfc58bd9-dq5hx:6066}
2024-10-06 21:40:01 INFO  Server:419 - Started @3441ms
2024-10-06 21:40:01 INFO  Utils:54 - Successfully started service on port 6066.
2024-10-06 21:40:01 INFO  StandaloneRestServer:54 - Started REST server for submitting applications on port 6066
2024-10-06 21:40:01 INFO  ContextHandler:781 - Started o.s.j.s.ServletContextHandler@48a6c2c3{/metrics/master/json,null,AVAILABLE,@Spark}
2024-10-06 21:40:01 INFO  ContextHandler:781 - Started o.s.j.s.ServletContextHandler@31f42ae9{/metrics/applications/json,null,AVAILABLE,@Spark}
2024-10-06 21:40:01 INFO  Master:54 - I have been elected leader! New state: ALIVE
2024-10-06 21:42:36 INFO  Master:54 - Registering worker 10.124.16.205:37555 with 16 cores, 124.8 GB RAM
