Spark Command: /usr/lib/jvm/java-8-openjdk-amd64/jre/bin/java -cp /opt/spark-2.3.4-bin-hadoop2.7/conf/:/opt/spark-2.3.4-bin-hadoop2.7/jars/* -Xmx1g org.apache.spark.deploy.worker.Worker --webui-port 8081 spark://c2fa894943e8462af20a0b3e85ec7df38a90ebf4-5dfc58bd9-dq5hx:7077
========================================
2024-10-06 21:42:33 INFO  Worker:2612 - Started daemon with process name: 205@c2fa894943e8462af20a0b3e85ec7df38a90ebf4-5dfc58bd9-dq5hx
2024-10-06 21:42:33 INFO  SignalUtils:54 - Registered signal handler for TERM
2024-10-06 21:42:33 INFO  SignalUtils:54 - Registered signal handler for HUP
2024-10-06 21:42:33 INFO  SignalUtils:54 - Registered signal handler for INT
2024-10-06 21:42:34 WARN  NativeCodeLoader:62 - Unable to load native-hadoop library for your platform... using builtin-java classes where applicable
2024-10-06 21:42:34 INFO  SecurityManager:54 - Changing view acls to: root
2024-10-06 21:42:34 INFO  SecurityManager:54 - Changing modify acls to: root
2024-10-06 21:42:34 INFO  SecurityManager:54 - Changing view acls groups to: 
2024-10-06 21:42:34 INFO  SecurityManager:54 - Changing modify acls groups to: 
2024-10-06 21:42:34 INFO  SecurityManager:54 - SecurityManager: authentication disabled; ui acls disabled; users  with view permissions: Set(root); groups with view permissions: Set(); users  with modify permissions: Set(root); groups with modify permissions: Set()
2024-10-06 21:42:34 INFO  Utils:54 - Successfully started service 'sparkWorker' on port 37555.
2024-10-06 21:42:35 INFO  Worker:54 - Starting Spark worker 10.124.16.205:37555 with 16 cores, 124.8 GB RAM
2024-10-06 21:42:35 INFO  Worker:54 - Running Spark version 2.3.4
2024-10-06 21:42:35 INFO  Worker:54 - Spark home: /opt/spark-2.3.4-bin-hadoop2.7
2024-10-06 21:42:35 INFO  log:192 - Logging initialized @3156ms
2024-10-06 21:42:35 INFO  Server:351 - jetty-9.3.z-SNAPSHOT, build timestamp: unknown, git hash: unknown
2024-10-06 21:42:35 INFO  Server:419 - Started @3236ms
2024-10-06 21:42:35 INFO  AbstractConnector:278 - Started ServerConnector@4e2a6b6d{HTTP/1.1,[http/1.1]}{0.0.0.0:8081}
2024-10-06 21:42:35 INFO  Utils:54 - Successfully started service 'WorkerUI' on port 8081.
2024-10-06 21:42:35 INFO  ContextHandler:781 - Started o.s.j.s.ServletContextHandler@4530e5bb{/logPage,null,AVAILABLE,@Spark}
2024-10-06 21:42:35 INFO  ContextHandler:781 - Started o.s.j.s.ServletContextHandler@787a4fa1{/logPage/json,null,AVAILABLE,@Spark}
2024-10-06 21:42:35 INFO  ContextHandler:781 - Started o.s.j.s.ServletContextHandler@5a937a7c{/,null,AVAILABLE,@Spark}
2024-10-06 21:42:35 INFO  ContextHandler:781 - Started o.s.j.s.ServletContextHandler@cf3f801{/json,null,AVAILABLE,@Spark}
2024-10-06 21:42:35 INFO  ContextHandler:781 - Started o.s.j.s.ServletContextHandler@26deb979{/static,null,AVAILABLE,@Spark}
2024-10-06 21:42:35 INFO  ContextHandler:781 - Started o.s.j.s.ServletContextHandler@49736a9f{/log,null,AVAILABLE,@Spark}
2024-10-06 21:42:35 INFO  WorkerWebUI:54 - Bound WorkerWebUI to 0.0.0.0, and started at http://c2fa894943e8462af20a0b3e85ec7df38a90ebf4-5dfc58bd9-dq5hx:8081
2024-10-06 21:42:35 INFO  Worker:54 - Connecting to master c2fa894943e8462af20a0b3e85ec7df38a90ebf4-5dfc58bd9-dq5hx:7077...
2024-10-06 21:42:35 INFO  ContextHandler:781 - Started o.s.j.s.ServletContextHandler@474697a7{/metrics/json,null,AVAILABLE,@Spark}
2024-10-06 21:42:35 INFO  TransportClientFactory:267 - Successfully created connection to c2fa894943e8462af20a0b3e85ec7df38a90ebf4-5dfc58bd9-dq5hx/10.124.16.205:7077 after 103 ms (0 ms spent in bootstraps)
2024-10-06 21:42:36 INFO  Worker:54 - Successfully registered with master spark://c2fa894943e8462af20a0b3e85ec7df38a90ebf4-5dfc58bd9-dq5hx:7077
